0 info it worked if it ends with ok
1 verbose cli [ '/usr/local/bin/node', '/usr/local/bin/npm', 'publish' ]
2 info using npm@2.7.4
3 info using node@v0.12.2
4 verbose publish [ '.' ]
5 silly cache add args [ '.', null ]
6 verbose cache add spec .
7 silly cache add parsed spec { raw: '.',
7 silly cache add   scope: null,
7 silly cache add   name: null,
7 silly cache add   rawSpec: '.',
7 silly cache add   spec: '/home/joshua/dev/jstools/package-manager',
7 silly cache add   type: 'directory' }
8 verbose addLocalDirectory /home/joshua/.npm/package-manager/0.0.15/package.tgz not in flight; packing
9 verbose tar pack [ '/home/joshua/.npm/package-manager/0.0.15/package.tgz',
9 verbose tar pack   '/home/joshua/dev/jstools/package-manager' ]
10 verbose tarball /home/joshua/.npm/package-manager/0.0.15/package.tgz
11 verbose folder /home/joshua/dev/jstools/package-manager
12 info prepublish package-manager@0.0.15
13 verbose addLocalTarball adding from inside cache /home/joshua/.npm/package-manager/0.0.15/package.tgz
14 silly cache afterAdd package-manager@0.0.15
15 verbose afterAdd /home/joshua/.npm/package-manager/0.0.15/package/package.json not in flight; writing
16 verbose afterAdd /home/joshua/.npm/package-manager/0.0.15/package/package.json written
17 silly publish { name: 'package-manager',
17 silly publish   version: '0.0.15',
17 silly publish   description: 'package manager library to find and copy dependencies',
17 silly publish   main: 'package-manager.js',
17 silly publish   scripts: { test: 'echo "Error: no test specified" && exit 1' },
17 silly publish   repository:
17 silly publish    { type: 'git',
17 silly publish      url: 'git@github.com:jstools/package-manager.git' },
17 silly publish   keywords: [ 'nodejs', 'bower', 'package' ],
17 silly publish   author: { name: 'Jesús Germade', email: 'jesus@germade.es' },
17 silly publish   license: 'MIT',
17 silly publish   bugs: { url: 'https://github.com/jstools/package-manager/issues' },
17 silly publish   homepage: 'https://github.com/jstools/package-manager',
17 silly publish   gitHead: 'b37cc0d5bbe109fa77d9664e80e088acd4d09c1a',
17 silly publish   readme: 'ERROR: No README data found!',
17 silly publish   _id: 'package-manager@0.0.15',
17 silly publish   _shasum: 'e03986fbdde761dac73b6f26b71de90338f5dfba',
17 silly publish   _from: '.' }
18 silly mapToRegistry name package-manager
19 silly mapToRegistry using default registry
20 silly mapToRegistry registry https://registry.npmjs.org/
21 silly mapToRegistry uri https://registry.npmjs.org/package-manager
22 verbose publish registryBase https://registry.npmjs.org/
23 silly publish uploading /home/joshua/.npm/package-manager/0.0.15/package.tgz
24 verbose request uri https://registry.npmjs.org/package-manager
25 verbose request sending authorization for write operation
26 info attempt registry request try #1 at 15:33:13
27 verbose request id 9065c96cb03ed09e
28 http request PUT https://registry.npmjs.org/package-manager
29 http 403 https://registry.npmjs.org/package-manager
30 verbose headers { 'content-type': 'application/json',
30 verbose headers   'cache-control': 'max-age=60',
30 verbose headers   'content-length': '96',
30 verbose headers   'accept-ranges': 'bytes',
30 verbose headers   date: 'Sat, 02 May 2015 13:33:15 GMT',
30 verbose headers   via: '1.1 varnish',
30 verbose headers   connection: 'keep-alive',
30 verbose headers   'x-served-by': 'cache-fra1228-FRA',
30 verbose headers   'x-cache': 'MISS',
30 verbose headers   'x-cache-hits': '0',
30 verbose headers   'x-timer': 'S1430573593.608139,VS0,VE1410' }
31 verbose request invalidating /home/joshua/.npm/registry.npmjs.org/package-manager on PUT
32 error publish Failed PUT 403
33 verbose stack Error: "You cannot publish over the previously published version 0.0.15." : package-manager
33 verbose stack     at CachingRegistryClient.<anonymous> (/usr/local/lib/node_modules/npm/node_modules/npm-registry-client/lib/request.js:247:14)
33 verbose stack     at Request._callback (/usr/local/lib/node_modules/npm/node_modules/npm-registry-client/lib/request.js:170:14)
33 verbose stack     at Request.self.callback (/usr/local/lib/node_modules/npm/node_modules/request/request.js:344:22)
33 verbose stack     at Request.emit (events.js:110:17)
33 verbose stack     at Request.<anonymous> (/usr/local/lib/node_modules/npm/node_modules/request/request.js:1239:14)
33 verbose stack     at Request.emit (events.js:129:20)
33 verbose stack     at IncomingMessage.<anonymous> (/usr/local/lib/node_modules/npm/node_modules/request/request.js:1187:12)
33 verbose stack     at IncomingMessage.emit (events.js:129:20)
33 verbose stack     at _stream_readable.js:908:16
33 verbose stack     at process._tickCallback (node.js:355:11)
34 verbose statusCode 403
35 verbose pkgid package-manager
36 verbose cwd /home/joshua/dev/jstools/package-manager
37 error Linux 3.13.0-49-generic
38 error argv "/usr/local/bin/node" "/usr/local/bin/npm" "publish"
39 error node v0.12.2
40 error npm  v2.7.4
41 error code E403
42 error "You cannot publish over the previously published version 0.0.15." : package-manager
43 error If you need help, you may report this error at:
43 error     <https://github.com/npm/npm/issues>
44 verbose exit [ 1, true ]
